#
# There is insufficient memory for the Java Runtime Environment to continue.
# Native memory allocation (mmap) failed to map 102760448 bytes for G1 virtual space
# Possible reasons:
#   The system is out of physical RAM or swap space
#   The process is running with CompressedOops enabled, and the Java Heap may be blocking the growth of the native heap
# Possible solutions:
#   Reduce memory load on the system
#   Increase physical memory or swap space
#   Check if swap backing store is full
#   Decrease Java heap size (-Xmx/-Xms)
#   Decrease number of Java threads
#   Decrease Java thread stack sizes (-Xss)
#   Set larger code cache with -XX:ReservedCodeCacheSize=
#   JVM is running with Zero Based Compressed Oops mode in which the Java heap is
#     placed in the first 32GB address space. The Java Heap base address is the
#     maximum limit for the native heap growth. Please use -XX:HeapBaseMinAddress
#     to set the Java Heap base and to place the Java Heap above 32GB virtual address.
# This output file may be truncated or incomplete.
#
#  Out of Memory Error (os_windows.cpp:3600), pid=11068, tid=5536
#
# JRE version: Java(TM) SE Runtime Environment (21.0.1+12) (build 21.0.1+12-LTS-29)
# Java VM: Java HotSpot(TM) 64-Bit Server VM (21.0.1+12-LTS-29, mixed mode, emulated-client, sharing, tiered, compressed oops, compressed class ptrs, g1 gc, windows-amd64)
# No core dump will be written. Minidumps are not enabled by default on client versions of Windows
#

---------------  S U M M A R Y ------------

Command Line: -XX:TieredStopAtLevel=1 -Dspring.output.ansi.enabled=always -Dcom.sun.management.jmxremote -Dspring.jmx.enabled=true -Dspring.liveBeansView.mbeanDomain -Dspring.application.admin.enabled=true -Dmanagement.endpoints.jmx.exposure.include=* -javaagent:D:\IntelliJ IDEA 2023.2.3\lib\idea_rt.jar=54688:D:\IntelliJ IDEA 2023.2.3\bin -Dfile.encoding=UTF-8 -Dsun.stdout.encoding=UTF-8 -Dsun.stderr.encoding=UTF-8 br.com.wheels.WheelsApplication

Host: Intel(R) Core(TM) i9-9900K CPU @ 3.60GHz, 16 cores, 15G,  Windows 11 , 64 bit Build 22621 (10.0.22621.2506)
Time: Fri Nov 17 22:18:36 2023 Hora oficial do Brasil elapsed time: 1777.276326 seconds (0d 0h 29m 37s)

---------------  T H R E A D  ---------------

Current thread (0x0000019d2e512d60):  VMThread "VM Thread"          [id=5536, stack(0x0000001dd8300000,0x0000001dd8400000) (1024K)]

Stack: [0x0000001dd8300000,0x0000001dd8400000]
Native frames: (J=compiled Java code, j=interpreted, Vv=VM code, C=native code)
V  [jvm.dll+0x6c9029]
V  [jvm.dll+0x854b81]
V  [jvm.dll+0x856e5e]
V  [jvm.dll+0x857543]
V  [jvm.dll+0x280c06]
V  [jvm.dll+0x6c5715]
V  [jvm.dll+0x6ba10a]
V  [jvm.dll+0x3557ea]
V  [jvm.dll+0x35d436]
V  [jvm.dll+0x3ae1be]
V  [jvm.dll+0x3ae468]
V  [jvm.dll+0x3291fc]
V  [jvm.dll+0x329287]
V  [jvm.dll+0x36db3c]
V  [jvm.dll+0x36c33d]
V  [jvm.dll+0x328971]
V  [jvm.dll+0x36ba4a]
V  [jvm.dll+0x85d048]
V  [jvm.dll+0x85e144]
V  [jvm.dll+0x85e680]
V  [jvm.dll+0x85e923]
V  [jvm.dll+0x7fd728]
V  [jvm.dll+0x6c777d]
C  [ucrtbase.dll+0x29363]
C  [KERNEL32.DLL+0x1257d]
C  [ntdll.dll+0x5aa58]

VM_Operation (0x0000001dd7afe600): G1CollectForAllocation, mode: safepoint, requested by thread 0x0000019d8c0c25b0


---------------  P R O C E S S  ---------------

Threads class SMR info:
_java_thread_list=0x0000019d443beca0, length=32, elements={
0x0000019d4419a9c0, 0x0000019d4419b8e0, 0x0000019d441a09e0, 0x0000019d441a26b0,
0x0000019d441a3370, 0x0000019d441a4050, 0x0000019d441a4be0, 0x0000019d443bbbf0,
0x0000019d447bd9a0, 0x0000019d447c62e0, 0x0000019d44a81090, 0x0000019d8aca6ba0,
0x0000019d8af391f0, 0x0000019d8af39860, 0x0000019d8af270f0, 0x0000019d8afc4060,
0x0000019d8b270f00, 0x0000019d8b26f4c0, 0x0000019d8b271590, 0x0000019d8b2701e0,
0x0000019d8b271c20, 0x0000019d8b272940, 0x0000019d8b270870, 0x0000019d8c0bdd80,
0x0000019d8c0c1f20, 0x0000019d8c0c2c40, 0x0000019d8c0c1200, 0x0000019d8c0bd6f0,
0x0000019d8c0bfe50, 0x0000019d8c0c04e0, 0x0000019d8c0c3ff0, 0x0000019d8c0c25b0
}

Java Threads: ( => current thread )
  0x0000019d4419a9c0 JavaThread "Reference Handler"          daemon [_thread_blocked, id=15904, stack(0x0000001dd8400000,0x0000001dd8500000) (1024K)]
  0x0000019d4419b8e0 JavaThread "Finalizer"                  daemon [_thread_blocked, id=16000, stack(0x0000001dd8500000,0x0000001dd8600000) (1024K)]
  0x0000019d441a09e0 JavaThread "Signal Dispatcher"          daemon [_thread_blocked, id=14980, stack(0x0000001dd8600000,0x0000001dd8700000) (1024K)]
  0x0000019d441a26b0 JavaThread "Attach Listener"            daemon [_thread_blocked, id=8828, stack(0x0000001dd8700000,0x0000001dd8800000) (1024K)]
  0x0000019d441a3370 JavaThread "Service Thread"             daemon [_thread_blocked, id=10276, stack(0x0000001dd8800000,0x0000001dd8900000) (1024K)]
  0x0000019d441a4050 JavaThread "Monitor Deflation Thread"   daemon [_thread_blocked, id=3772, stack(0x0000001dd8900000,0x0000001dd8a00000) (1024K)]
  0x0000019d441a4be0 JavaThread "C1 CompilerThread0"         daemon [_thread_blocked, id=15416, stack(0x0000001dd8a00000,0x0000001dd8b00000) (1024K)]
  0x0000019d443bbbf0 JavaThread "Common-Cleaner"             daemon [_thread_blocked, id=2876, stack(0x0000001dd8b00000,0x0000001dd8c00000) (1024K)]
  0x0000019d447bd9a0 JavaThread "Monitor Ctrl-Break"         daemon [_thread_in_native, id=3460, stack(0x0000001dd8f00000,0x0000001dd9000000) (1024K)]
  0x0000019d447c62e0 JavaThread "Notification Thread"        daemon [_thread_blocked, id=12012, stack(0x0000001dd9000000,0x0000001dd9100000) (1024K)]
  0x0000019d44a81090 JavaThread "RMI TCP Accept-0"           daemon [_thread_in_native, id=2072, stack(0x0000001dd9100000,0x0000001dd9200000) (1024K)]
  0x0000019d8aca6ba0 JavaThread "RMI Scheduler(0)"           daemon [_thread_blocked, id=21488, stack(0x0000001dda400000,0x0000001dda500000) (1024K)]
  0x0000019d8af391f0 JavaThread "Catalina-utility-1"                [_thread_blocked, id=21068, stack(0x0000001dda500000,0x0000001dda600000) (1024K)]
  0x0000019d8af39860 JavaThread "Catalina-utility-2"                [_thread_blocked, id=8092, stack(0x0000001dda600000,0x0000001dda700000) (1024K)]
  0x0000019d8af270f0 JavaThread "container-0"                       [_thread_blocked, id=5908, stack(0x0000001dda700000,0x0000001dda800000) (1024K)]
  0x0000019d8afc4060 JavaThread "mysql-cj-abandoned-connection-cleanup" daemon [_thread_blocked, id=8404, stack(0x0000001dda800000,0x0000001dda900000) (1024K)]
  0x0000019d8b270f00 JavaThread "HikariPool-1 housekeeper"   daemon [_thread_blocked, id=17952, stack(0x0000001ddaa00000,0x0000001ddab00000) (1024K)]
  0x0000019d8b26f4c0 JavaThread "http-nio-8080-exec-1"       daemon [_thread_blocked, id=10268, stack(0x0000001ddac00000,0x0000001ddad00000) (1024K)]
  0x0000019d8b271590 JavaThread "http-nio-8080-exec-2"       daemon [_thread_blocked, id=4876, stack(0x0000001ddad00000,0x0000001ddae00000) (1024K)]
  0x0000019d8b2701e0 JavaThread "http-nio-8080-exec-3"       daemon [_thread_blocked, id=7764, stack(0x0000001ddae00000,0x0000001ddaf00000) (1024K)]
  0x0000019d8b271c20 JavaThread "http-nio-8080-exec-4"       daemon [_thread_blocked, id=20276, stack(0x0000001ddaf00000,0x0000001ddb000000) (1024K)]
  0x0000019d8b272940 JavaThread "http-nio-8080-exec-5"       daemon [_thread_blocked, id=192, stack(0x0000001ddb000000,0x0000001ddb100000) (1024K)]
  0x0000019d8b270870 JavaThread "http-nio-8080-exec-6"       daemon [_thread_blocked, id=15228, stack(0x0000001ddb100000,0x0000001ddb200000) (1024K)]
  0x0000019d8c0bdd80 JavaThread "http-nio-8080-exec-7"       daemon [_thread_blocked, id=10368, stack(0x0000001ddb200000,0x0000001ddb300000) (1024K)]
  0x0000019d8c0c1f20 JavaThread "http-nio-8080-exec-8"       daemon [_thread_blocked, id=1540, stack(0x0000001ddb300000,0x0000001ddb400000) (1024K)]
  0x0000019d8c0c2c40 JavaThread "http-nio-8080-exec-9"       daemon [_thread_blocked, id=21424, stack(0x0000001ddb400000,0x0000001ddb500000) (1024K)]
  0x0000019d8c0c1200 JavaThread "http-nio-8080-exec-10"      daemon [_thread_blocked, id=19488, stack(0x0000001ddb500000,0x0000001ddb600000) (1024K)]
  0x0000019d8c0bd6f0 JavaThread "http-nio-8080-Poller"       daemon [_thread_in_native, id=21048, stack(0x0000001ddb600000,0x0000001ddb700000) (1024K)]
  0x0000019d8c0bfe50 JavaThread "http-nio-8080-Acceptor"     daemon [_thread_in_native, id=11452, stack(0x0000001ddb700000,0x0000001ddb800000) (1024K)]
  0x0000019d8c0c04e0 JavaThread "DestroyJavaVM"                     [_thread_blocked, id=19880, stack(0x0000001dd7c00000,0x0000001dd7d00000) (1024K)]
  0x0000019d8c0c3ff0 JavaThread "HikariPool-1 connection closer" daemon [_thread_blocked, id=2792, stack(0x0000001dd7900000,0x0000001dd7a00000) (1024K)]
  0x0000019d8c0c25b0 JavaThread "HikariPool-1 connection adder" daemon [_thread_blocked, id=13764, stack(0x0000001dd7a00000,0x0000001dd7b00000) (1024K)]
Total: 32

Other Threads:
=>0x0000019d2e512d60 VMThread "VM Thread"                           [id=5536, stack(0x0000001dd8300000,0x0000001dd8400000) (1024K)]
  0x0000019d44167040 WatcherThread "VM Periodic Task Thread"        [id=19060, stack(0x0000001dd8200000,0x0000001dd8300000) (1024K)]
  0x0000019d2e5134a0 WorkerThread "GC Thread#0"                     [id=19248, stack(0x0000001dd7d00000,0x0000001dd7e00000) (1024K)]
  0x0000019d2e512620 WorkerThread "GC Thread#1"                     [id=15564, stack(0x0000001dd9200000,0x0000001dd9300000) (1024K)]
  0x0000019d2e5129c0 WorkerThread "GC Thread#2"                     [id=13260, stack(0x0000001dd9300000,0x0000001dd9400000) (1024K)]
  0x0000019d2e513840 WorkerThread "GC Thread#3"                     [id=21228, stack(0x0000001dd9400000,0x0000001dd9500000) (1024K)]
  0x0000019d44b9e620 WorkerThread "GC Thread#4"                     [id=18748, stack(0x0000001dd9500000,0x0000001dd9600000) (1024K)]
  0x0000019d44b9db40 WorkerThread "GC Thread#5"                     [id=12328, stack(0x0000001dd9600000,0x0000001dd9700000) (1024K)]
  0x0000019d44b9f100 WorkerThread "GC Thread#6"                     [id=20748, stack(0x0000001dd9700000,0x0000001dd9800000) (1024K)]
  0x0000019d44ba06c0 WorkerThread "GC Thread#7"                     [id=18540, stack(0x0000001dd9900000,0x0000001dd9a00000) (1024K)]
  0x0000019d44b9fbe0 WorkerThread "GC Thread#8"                     [id=16220, stack(0x0000001dd9a00000,0x0000001dd9b00000) (1024K)]
  0x0000019d44b9ed60 WorkerThread "GC Thread#9"                     [id=15864, stack(0x0000001dd9b00000,0x0000001dd9c00000) (1024K)]
  0x0000019d44b9ff80 WorkerThread "GC Thread#10"                    [id=20632, stack(0x0000001dd9f00000,0x0000001dda000000) (1024K)]
  0x0000019d44b9e280 WorkerThread "GC Thread#11"                    [id=7276, stack(0x0000001dd9800000,0x0000001dd9900000) (1024K)]
  0x0000019d44b9e9c0 WorkerThread "GC Thread#12"                    [id=19580, stack(0x0000001dda200000,0x0000001dda300000) (1024K)]
  0x0000019d3073bbf0 ConcurrentGCThread "G1 Main Marker"            [id=10496, stack(0x0000001dd7e00000,0x0000001dd7f00000) (1024K)]
  0x0000019d2e513100 WorkerThread "G1 Conc#0"                       [id=17528, stack(0x0000001dd7f00000,0x0000001dd8000000) (1024K)]
  0x0000019d44b9dee0 WorkerThread "G1 Conc#1"                       [id=12760, stack(0x0000001dda000000,0x0000001dda100000) (1024K)]
  0x0000019d44ba0a60 WorkerThread "G1 Conc#2"                       [id=3616, stack(0x0000001dda100000,0x0000001dda200000) (1024K)]
  0x0000019d44026860 ConcurrentGCThread "G1 Refine#0"               [id=20668, stack(0x0000001dd8000000,0x0000001dd8100000) (1024K)]
  0x0000019d440271e0 ConcurrentGCThread "G1 Service"                [id=20780, stack(0x0000001dd8100000,0x0000001dd8200000) (1024K)]
Total: 21

Threads with active compile tasks:
Total: 0

VM state: at safepoint (normal execution)

VM Mutex/Monitor currently owned by a thread:  ([mutex/lock_event])
[0x00007ff9f50aa5f8] Threads_lock - owner thread: 0x0000019d2e512d60
[0x00007ff9f50aa6f8] Heap_lock - owner thread: 0x0000019d8c0c25b0

Heap address: 0x0000000701400000, size: 4076 MB, Compressed Oops mode: Zero based, Oop shift amount: 3

CDS archive(s) mapped at: [0x0000019d45000000-0x0000019d45c90000-0x0000019d45c90000), size 13172736, SharedBaseAddress: 0x0000019d45000000, ArchiveRelocationMode: 1.
Compressed class space mapped at: 0x0000019d46000000-0x0000019d86000000, reserved size: 1073741824
Narrow klass base: 0x0000019d45000000, Narrow klass shift: 0, Narrow klass range: 0x100000000

GC Precious Log:
 CardTable entry size: 512
 Card Set container configuration: InlinePtr #cards 4 size 8 Array Of Cards #cards 16 size 48 Howl #buckets 8 coarsen threshold 3686 Howl Bitmap #cards 512 size 80 coarsen threshold 460 Card regions per heap region 1 cards per card region 4096
 CPUs: 16 total, 16 available
 Memory: 16303M
 Large Page Support: Disabled
 NUMA Support: Disabled
 Compressed Oops: Enabled (Zero based)
 Heap Region Size: 2M
 Heap Min Capacity: 8M
 Heap Initial Capacity: 256M
 Heap Max Capacity: 4076M
 Pre-touch: Disabled
 Parallel Workers: 13
 Concurrent Workers: 3
 Concurrent Refinement Workers: 13
 Periodic GC: Disabled

Heap:
 garbage-first heap   total 61440K, used 28356K [0x0000000701400000, 0x0000000800000000)
  region size 2048K, 2 young (4096K), 2 survivors (4096K)
 Metaspace       used 61539K, committed 62272K, reserved 1114112K
  class space    used 8692K, committed 9024K, reserved 1048576K

Heap Regions: E=young(eden), S=young(survivor), O=old, HS=humongous(starts), HC=humongous(continues), CS=collection set, F=free, TAMS=top-at-mark-start, PB=parsable bottom
|   0|0x0000000701400000, 0x0000000701600000, 0x0000000701600000|100%| O|  |TAMS 0x0000000701400000| PB 0x0000000701400000| Untracked 
|   1|0x0000000701600000, 0x0000000701800000, 0x0000000701800000|100%| O|  |TAMS 0x0000000701600000| PB 0x0000000701600000| Untracked 
|   2|0x0000000701800000, 0x0000000701a00000, 0x0000000701a00000|100%| O|  |TAMS 0x0000000701800000| PB 0x0000000701800000| Untracked 
|   3|0x0000000701a00000, 0x0000000701c00000, 0x0000000701c00000|100%| O|  |TAMS 0x0000000701a00000| PB 0x0000000701a00000| Untracked 
|   4|0x0000000701c00000, 0x0000000701e00000, 0x0000000701e00000|100%| O|  |TAMS 0x0000000701c00000| PB 0x0000000701c00000| Untracked 
|   5|0x0000000701e00000, 0x0000000702000000, 0x0000000702000000|100%| O|  |TAMS 0x0000000701e00000| PB 0x0000000701e00000| Untracked 
|   6|0x0000000702000000, 0x0000000702200000, 0x0000000702200000|100%| O|  |TAMS 0x0000000702000000| PB 0x0000000702000000| Untracked 
|   7|0x0000000702200000, 0x0000000702400000, 0x0000000702400000|100%| O|  |TAMS 0x0000000702200000| PB 0x0000000702200000| Untracked 
|   8|0x0000000702400000, 0x0000000702600000, 0x0000000702600000|100%| O|  |TAMS 0x0000000702400000| PB 0x0000000702400000| Untracked 
|   9|0x0000000702600000, 0x0000000702800000, 0x0000000702800000|100%| O|  |TAMS 0x0000000702600000| PB 0x0000000702600000| Untracked 
|  10|0x0000000702800000, 0x0000000702a00000, 0x0000000702a00000|100%| O|  |TAMS 0x0000000702800000| PB 0x0000000702800000| Untracked 
|  11|0x0000000702a00000, 0x0000000702b14f00, 0x0000000702c00000| 54%| O|  |TAMS 0x0000000702a00000| PB 0x0000000702a00000| Untracked 
|  12|0x0000000702c00000, 0x0000000702e00000, 0x0000000702e00000|100%| O|  |TAMS 0x0000000702c00000| PB 0x0000000702c00000| Untracked 
|  13|0x0000000702e00000, 0x0000000702e00000, 0x0000000703000000|  0%| F|  |TAMS 0x0000000702e00000| PB 0x0000000702e00000| Untracked 
|  14|0x0000000703000000, 0x0000000703000000, 0x0000000703200000|  0%| F|  |TAMS 0x0000000703000000| PB 0x0000000703000000| Untracked 
|  15|0x0000000703200000, 0x000000070329c178, 0x0000000703400000| 30%| S|CS|TAMS 0x0000000703200000| PB 0x0000000703200000| Complete 
|  16|0x0000000703400000, 0x0000000703600000, 0x0000000703600000|100%| S|CS|TAMS 0x0000000703400000| PB 0x0000000703400000| Complete 
|  17|0x0000000703600000, 0x0000000703600000, 0x0000000703800000|  0%| F|  |TAMS 0x0000000703600000| PB 0x0000000703600000| Untracked 
|  18|0x0000000703800000, 0x0000000703800000, 0x0000000703a00000|  0%| F|  |TAMS 0x0000000703800000| PB 0x0000000703800000| Untracked 
|  19|0x0000000703a00000, 0x0000000703a00000, 0x0000000703c00000|  0%| F|  |TAMS 0x0000000703a00000| PB 0x0000000703a00000| Untracked 
|  20|0x0000000703c00000, 0x0000000703c00000, 0x0000000703e00000|  0%| F|  |TAMS 0x0000000703c00000| PB 0x0000000703c00000| Untracked 
|  21|0x0000000703e00000, 0x0000000703e00000, 0x0000000704000000|  0%| F|  |TAMS 0x0000000703e00000| PB 0x0000000703e00000| Untracked 
|  22|0x0000000704000000, 0x0000000704000000, 0x0000000704200000|  0%| F|  |TAMS 0x0000000704000000| PB 0x0000000704000000| Untracked 
|  23|0x0000000704200000, 0x0000000704200000, 0x0000000704400000|  0%| F|  |TAMS 0x0000000704200000| PB 0x0000000704200000| Untracked 
|  24|0x0000000704400000, 0x0000000704400000, 0x0000000704600000|  0%| F|  |TAMS 0x0000000704400000| PB 0x0000000704400000| Untracked 
|  25|0x0000000704600000, 0x0000000704600000, 0x0000000704800000|  0%| F|  |TAMS 0x0000000704600000| PB 0x0000000704600000| Untracked 
|  26|0x0000000704800000, 0x0000000704800000, 0x0000000704a00000|  0%| F|  |TAMS 0x0000000704800000| PB 0x0000000704800000| Untracked 
|  27|0x0000000704a00000, 0x0000000704a00000, 0x0000000704c00000|  0%| F|  |TAMS 0x0000000704a00000| PB 0x0000000704a00000| Untracked 
| 124|0x0000000710c00000, 0x0000000710c00000, 0x0000000710e00000|  0%| F|  |TAMS 0x0000000710c00000| PB 0x0000000710c00000| Untracked 
| 127|0x0000000711200000, 0x0000000711200000, 0x0000000711400000|  0%| F|  |TAMS 0x0000000711200000| PB 0x0000000711200000| Untracked 

Card table byte_map: [0x0000019d3c970000,0x0000019d3d170000] _byte_map_base: 0x0000019d39166000

Marking Bits: (CMBitMap*) 0x0000019d2e5fbfc0
 Bits: [0x0000019d3d170000, 0x0000019d41120000)

Polling page: 0x0000019d2e6c0000

Metaspace:

Usage:
  Non-class:     51.61 MB used.
      Class:      8.49 MB used.
       Both:     60.10 MB used.

Virtual space:
  Non-class space:       64.00 MB reserved,      52.00 MB ( 81%) committed,  1 nodes.
      Class space:        1.00 GB reserved,       8.81 MB ( <1%) committed,  1 nodes.
             Both:        1.06 GB reserved,      60.81 MB (  6%) committed. 

Chunk freelists:
   Non-Class:  11.59 MB
       Class:  7.09 MB
        Both:  18.69 MB

MaxMetaspaceSize: unlimited
CompressedClassSpaceSize: 1.00 GB
Initial GC threshold: 21.00 MB
Current GC threshold: 63.88 MB
CDS: on
 - commit_granule_bytes: 65536.
 - commit_granule_words: 8192.
 - virtual_space_node_default_size: 8388608.
 - enlarge_chunks_in_place: 1.
 - use_allocation_guard: 0.


Internal statistics:

num_allocs_failed_limit: 6.
num_arena_births: 1036.
num_arena_deaths: 0.
num_vsnodes_births: 2.
num_vsnodes_deaths: 0.
num_space_committed: 973.
num_space_uncommitted: 0.
num_chunks_returned_to_freelist: 6.
num_chunks_taken_from_freelist: 3233.
num_chunk_merges: 6.
num_chunk_splits: 2331.
num_chunks_enlarged: 1810.
num_inconsistent_stats: 0.

CodeCache: size=49152Kb used=9482Kb max_used=12199Kb free=39669Kb
 bounds [0x0000019d38b10000, 0x0000019d39700000, 0x0000019d3bb10000]
 total_blobs=5851 nmethods=5160 adapters=614
 compilation: enabled
              stopped_count=0, restarted_count=0
 full_count=0

Compilation events (20 events):
Event: 1772.748 Thread 0x0000019d441a4be0 5203   !   1       com.mysql.cj.util.StringUtils::getBytes (47 bytes)
Event: 1772.749 Thread 0x0000019d441a4be0 nmethod 5203 0x0000019d38d74010 code [0x0000019d38d74280, 0x0000019d38d74a28]
Event: 1772.749 Thread 0x0000019d441a4be0 5204       1       com.mysql.cj.result.Field::getColumnLabel (5 bytes)
Event: 1772.749 Thread 0x0000019d441a4be0 nmethod 5204 0x0000019d38d73c90 code [0x0000019d38d73e40, 0x0000019d38d73f40]
Event: 1772.749 Thread 0x0000019d441a4be0 5205       1       com.mysql.cj.protocol.ReadAheadInputStream::fill (284 bytes)
Event: 1772.750 Thread 0x0000019d441a4be0 nmethod 5205 0x0000019d38d72c10 code [0x0000019d38d72f20, 0x0000019d38d73738]
Event: 1777.099 Thread 0x0000019d441a4be0 5206       1       java.util.concurrent.ConcurrentHashMap::entrySet (25 bytes)
Event: 1777.099 Thread 0x0000019d441a4be0 nmethod 5206 0x0000019d38d72790 code [0x0000019d38d72940, 0x0000019d38d72b68]
Event: 1777.099 Thread 0x0000019d441a4be0 5207       1       java.util.concurrent.ConcurrentHashMap$EntrySetView::iterator (34 bytes)
Event: 1777.099 Thread 0x0000019d441a4be0 nmethod 5207 0x0000019d38d72210 code [0x0000019d38d723c0, 0x0000019d38d72600]
Event: 1777.099 Thread 0x0000019d441a4be0 5208       1       java.util.concurrent.ConcurrentHashMap$EntryIterator::<init> (12 bytes)
Event: 1777.099 Thread 0x0000019d441a4be0 nmethod 5208 0x0000019d38d71e10 code [0x0000019d38d71fc0, 0x0000019d38d72138]
Event: 1777.099 Thread 0x0000019d441a4be0 5209       1       com.mysql.cj.jdbc.ConnectionImpl::getExceptionInterceptor (5 bytes)
Event: 1777.099 Thread 0x0000019d441a4be0 nmethod 5209 0x0000019d38d71b10 code [0x0000019d38d71ca0, 0x0000019d38d71d70]
Event: 1777.100 Thread 0x0000019d441a4be0 5211       1       com.mysql.cj.protocol.a.PacketSplitter::nextPacket (99 bytes)
Event: 1777.100 Thread 0x0000019d441a4be0 nmethod 5211 0x0000019d38d71710 code [0x0000019d38d718c0, 0x0000019d38d71a58]
Event: 1777.100 Thread 0x0000019d441a4be0 5210       1       com.mysql.cj.protocol.a.PacketSplitter::getOffset (5 bytes)
Event: 1777.100 Thread 0x0000019d441a4be0 nmethod 5210 0x0000019d38d71410 code [0x0000019d38d715a0, 0x0000019d38d71668]
Event: 1777.269 Thread 0x0000019d441a4be0 5212       1       java.net.Socket::isClosed (13 bytes)
Event: 1777.269 Thread 0x0000019d441a4be0 nmethod 5212 0x0000019d38d71110 code [0x0000019d38d712a0, 0x0000019d38d71360]

GC Heap History (20 events):
Event: 0.649 GC heap after
{Heap after GC invocations=3 (full 0):
 garbage-first heap   total 262144K, used 8981K [0x0000000701400000, 0x0000000800000000)
  region size 2048K, 2 young (4096K), 2 survivors (4096K)
 Metaspace       used 13652K, committed 14016K, reserved 1114112K
  class space    used 1763K, committed 1920K, reserved 1048576K
}
Event: 0.788 GC heap before
{Heap before GC invocations=4 (full 0):
 garbage-first heap   total 55296K, used 37653K [0x0000000701400000, 0x0000000800000000)
  region size 2048K, 16 young (32768K), 2 survivors (4096K)
 Metaspace       used 19037K, committed 19392K, reserved 1114112K
  class space    used 2474K, committed 2624K, reserved 1048576K
}
Event: 0.791 GC heap after
{Heap after GC invocations=5 (full 0):
 garbage-first heap   total 55296K, used 12043K [0x0000000701400000, 0x0000000800000000)
  region size 2048K, 2 young (4096K), 2 survivors (4096K)
 Metaspace       used 19037K, committed 19392K, reserved 1114112K
  class space    used 2474K, committed 2624K, reserved 1048576K
}
Event: 1.053 GC heap before
{Heap before GC invocations=5 (full 0):
 garbage-first heap   total 55296K, used 38667K [0x0000000701400000, 0x0000000800000000)
  region size 2048K, 15 young (30720K), 2 survivors (4096K)
 Metaspace       used 21893K, committed 22208K, reserved 1114112K
  class space    used 2897K, committed 3072K, reserved 1048576K
}
Event: 1.057 GC heap after
{Heap after GC invocations=6 (full 0):
 garbage-first heap   total 55296K, used 13343K [0x0000000701400000, 0x0000000800000000)
  region size 2048K, 1 young (2048K), 1 survivors (2048K)
 Metaspace       used 21893K, committed 22208K, reserved 1114112K
  class space    used 2897K, committed 3072K, reserved 1048576K
}
Event: 1.112 GC heap before
{Heap before GC invocations=6 (full 0):
 garbage-first heap   total 55296K, used 17439K [0x0000000701400000, 0x0000000800000000)
  region size 2048K, 4 young (8192K), 1 survivors (2048K)
 Metaspace       used 22988K, committed 23360K, reserved 1114112K
  class space    used 3087K, committed 3264K, reserved 1048576K
}
Event: 1.115 GC heap after
{Heap after GC invocations=7 (full 0):
 garbage-first heap   total 159744K, used 14229K [0x0000000701400000, 0x0000000800000000)
  region size 2048K, 2 young (4096K), 2 survivors (4096K)
 Metaspace       used 22988K, committed 23360K, reserved 1114112K
  class space    used 3087K, committed 3264K, reserved 1048576K
}
Event: 1.457 GC heap before
{Heap before GC invocations=8 (full 0):
 garbage-first heap   total 61440K, used 46997K [0x0000000701400000, 0x0000000800000000)
  region size 2048K, 18 young (36864K), 2 survivors (4096K)
 Metaspace       used 28811K, committed 29376K, reserved 1114112K
  class space    used 3927K, committed 4160K, reserved 1048576K
}
Event: 1.460 GC heap after
{Heap after GC invocations=9 (full 0):
 garbage-first heap   total 61440K, used 17363K [0x0000000701400000, 0x0000000800000000)
  region size 2048K, 3 young (6144K), 3 survivors (6144K)
 Metaspace       used 28811K, committed 29376K, reserved 1114112K
  class space    used 3927K, committed 4160K, reserved 1048576K
}
Event: 1.774 GC heap before
{Heap before GC invocations=9 (full 0):
 garbage-first heap   total 61440K, used 48083K [0x0000000701400000, 0x0000000800000000)
  region size 2048K, 18 young (36864K), 3 survivors (6144K)
 Metaspace       used 36849K, committed 37440K, reserved 1114112K
  class space    used 5061K, committed 5312K, reserved 1048576K
}
Event: 1.778 GC heap after
{Heap after GC invocations=10 (full 0):
 garbage-first heap   total 61440K, used 19147K [0x0000000701400000, 0x0000000800000000)
  region size 2048K, 2 young (4096K), 2 survivors (4096K)
 Metaspace       used 36849K, committed 37440K, reserved 1114112K
  class space    used 5061K, committed 5312K, reserved 1048576K
}
Event: 1.828 GC heap before
{Heap before GC invocations=10 (full 0):
 garbage-first heap   total 61440K, used 23243K [0x0000000701400000, 0x0000000800000000)
  region size 2048K, 5 young (10240K), 2 survivors (4096K)
 Metaspace       used 38427K, committed 39040K, reserved 1114112K
  class space    used 5265K, committed 5568K, reserved 1048576K
}
Event: 1.829 GC heap after
{Heap after GC invocations=11 (full 0):
 garbage-first heap   total 61440K, used 19622K [0x0000000701400000, 0x0000000800000000)
  region size 2048K, 2 young (4096K), 2 survivors (4096K)
 Metaspace       used 38427K, committed 39040K, reserved 1114112K
  class space    used 5265K, committed 5568K, reserved 1048576K
}
Event: 2.148 GC heap before
{Heap before GC invocations=12 (full 0):
 garbage-first heap   total 61440K, used 44198K [0x0000000701400000, 0x0000000800000000)
  region size 2048K, 15 young (30720K), 2 survivors (4096K)
 Metaspace       used 46861K, committed 47488K, reserved 1114112K
  class space    used 6495K, committed 6784K, reserved 1048576K
}
Event: 2.150 GC heap after
{Heap after GC invocations=13 (full 0):
 garbage-first heap   total 61440K, used 21621K [0x0000000701400000, 0x0000000800000000)
  region size 2048K, 2 young (4096K), 2 survivors (4096K)
 Metaspace       used 46861K, committed 47488K, reserved 1114112K
  class space    used 6495K, committed 6784K, reserved 1048576K
}
Event: 2.448 GC heap before
{Heap before GC invocations=13 (full 0):
 garbage-first heap   total 61440K, used 48245K [0x0000000701400000, 0x0000000800000000)
  region size 2048K, 15 young (30720K), 2 survivors (4096K)
 Metaspace       used 53469K, committed 54144K, reserved 1114112K
  class space    used 7507K, committed 7808K, reserved 1048576K
}
Event: 2.450 GC heap after
{Heap after GC invocations=14 (full 0):
 garbage-first heap   total 61440K, used 23595K [0x0000000701400000, 0x0000000800000000)
  region size 2048K, 2 young (4096K), 2 survivors (4096K)
 Metaspace       used 53469K, committed 54144K, reserved 1114112K
  class space    used 7507K, committed 7808K, reserved 1048576K
}
Event: 2.673 GC heap before
{Heap before GC invocations=14 (full 0):
 garbage-first heap   total 61440K, used 50219K [0x0000000701400000, 0x0000000800000000)
  region size 2048K, 15 young (30720K), 2 survivors (4096K)
 Metaspace       used 56831K, committed 57536K, reserved 1114112K
  class space    used 8035K, committed 8320K, reserved 1048576K
}
Event: 2.676 GC heap after
{Heap after GC invocations=15 (full 0):
 garbage-first heap   total 61440K, used 25773K [0x0000000701400000, 0x0000000800000000)
  region size 2048K, 2 young (4096K), 2 survivors (4096K)
 Metaspace       used 56831K, committed 57536K, reserved 1114112K
  class space    used 8035K, committed 8320K, reserved 1048576K
}
Event: 1777.270 GC heap before
{Heap before GC invocations=15 (full 0):
 garbage-first heap   total 61440K, used 52397K [0x0000000701400000, 0x0000000800000000)
  region size 2048K, 15 young (30720K), 2 survivors (4096K)
 Metaspace       used 61539K, committed 62272K, reserved 1114112K
  class space    used 8692K, committed 9024K, reserved 1048576K
}

Dll operation events (13 events):
Event: 0.006 Loaded shared library C:\Program Files\Java\jdk-21\bin\java.dll
Event: 0.073 Loaded shared library C:\Program Files\Java\jdk-21\bin\zip.dll
Event: 0.075 Loaded shared library C:\Program Files\Java\jdk-21\bin\instrument.dll
Event: 0.078 Loaded shared library C:\Program Files\Java\jdk-21\bin\net.dll
Event: 0.079 Loaded shared library C:\Program Files\Java\jdk-21\bin\nio.dll
Event: 0.080 Loaded shared library C:\Program Files\Java\jdk-21\bin\zip.dll
Event: 0.120 Loaded shared library D:\IntelliJ IDEA 2023.2.3\bin\breakgen64.dll
Event: 0.123 Loaded shared library C:\Program Files\Java\jdk-21\bin\jimage.dll
Event: 0.125 Loaded shared library C:\Program Files\Java\jdk-21\bin\extnet.dll
Event: 0.133 Loaded shared library C:\Program Files\Java\jdk-21\bin\management.dll
Event: 0.139 Loaded shared library C:\Program Files\Java\jdk-21\bin\management_ext.dll
Event: 0.772 Loaded shared library C:\Program Files\Java\jdk-21\bin\sunmscapi.dll
Event: 1.626 Loaded shared library C:\Program Files\Java\jdk-21\bin\verify.dll

Deoptimization events (14 events):
Event: 0.205 Thread 0x0000019d2e53a8e0 DEOPT PACKING pc=0x0000019d38ef075d sp=0x0000001dd7cfd490
Event: 0.205 Thread 0x0000019d2e53a8e0 DEOPT UNPACKING pc=0x0000019d38b64e42 sp=0x0000001dd7cfc940 mode 3
Event: 0.208 Thread 0x0000019d2e53a8e0 DEOPT PACKING pc=0x0000019d38f052e0 sp=0x0000001dd7cfd390
Event: 0.208 Thread 0x0000019d2e53a8e0 DEOPT UNPACKING pc=0x0000019d38b64e42 sp=0x0000001dd7cfc848 mode 3
Event: 0.658 Thread 0x0000019d2e53a8e0 DEOPT PACKING pc=0x0000019d392d8be1 sp=0x0000001dd7cfd720
Event: 0.658 Thread 0x0000019d2e53a8e0 DEOPT UNPACKING pc=0x0000019d38b64e42 sp=0x0000001dd7cfcc00 mode 3
Event: 1.432 Thread 0x0000019d2e53a8e0 DEOPT PACKING pc=0x0000019d3954f5a5 sp=0x0000001dd7cfc7a0
Event: 1.432 Thread 0x0000019d2e53a8e0 DEOPT UNPACKING pc=0x0000019d38b64e42 sp=0x0000001dd7cfbd08 mode 3
Event: 2.465 Thread 0x0000019d2e53a8e0 DEOPT PACKING pc=0x0000019d3930e154 sp=0x0000001dd7cfc950
Event: 2.465 Thread 0x0000019d2e53a8e0 DEOPT UNPACKING pc=0x0000019d38b64e42 sp=0x0000001dd7cfbea8 mode 0
Event: 2.559 Thread 0x0000019d2e53a8e0 DEOPT PACKING pc=0x0000019d392f3d49 sp=0x0000001dd7cfe1f0
Event: 2.559 Thread 0x0000019d2e53a8e0 DEOPT UNPACKING pc=0x0000019d38b64e42 sp=0x0000001dd7cfd6f8 mode 3
Event: 2.659 Thread 0x0000019d2e53a8e0 DEOPT PACKING pc=0x0000019d392eb11a sp=0x0000001dd7cfb370
Event: 2.659 Thread 0x0000019d2e53a8e0 DEOPT UNPACKING pc=0x0000019d38b64e42 sp=0x0000001dd7cfa8b8 mode 3

Classes loaded (20 events):
Event: 1763.821 Loading class java/security/SignatureException
Event: 1763.821 Loading class java/security/SignatureException done
Event: 1763.821 Loading class java/security/PrivateKey
Event: 1763.821 Loading class java/security/Key
Event: 1763.821 Loading class java/security/Key done
Event: 1763.821 Loading class javax/security/auth/Destroyable
Event: 1763.821 Loading class javax/security/auth/Destroyable done
Event: 1763.821 Loading class java/security/PrivateKey done
Event: 1763.821 Loading class java/security/spec/InvalidKeySpecException
Event: 1763.821 Loading class java/security/spec/InvalidKeySpecException done
Event: 1763.821 Loading class java/security/spec/KeySpec
Event: 1763.821 Loading class java/security/spec/KeySpec done
Event: 1763.821 Loading class javax/crypto/NoSuchPaddingException
Event: 1763.821 Loading class javax/crypto/NoSuchPaddingException done
Event: 1763.821 Loading class javax/crypto/IllegalBlockSizeException
Event: 1763.821 Loading class javax/crypto/IllegalBlockSizeException done
Event: 1763.821 Loading class javax/crypto/BadPaddingException
Event: 1763.821 Loading class javax/crypto/BadPaddingException done
Event: 1763.822 Loading class javax/net/ssl/SSLSocket
Event: 1763.822 Loading class javax/net/ssl/SSLSocket done

Classes unloaded (0 events):
No events

Classes redefined (0 events):
No events

Internal exceptions (20 events):
Event: 2.481 Thread 0x0000019d2e53a8e0 Exception <a 'java/lang/IncompatibleClassChangeError'{0x0000000710d2d088}: Found class java.lang.Object, but interface was expected> (0x0000000710d2d088) 
thrown [s\open\src\hotspot\share\interpreter\linkResolver.cpp, line 840]
Event: 2.524 Thread 0x0000019d2e53a8e0 Exception <a 'java/lang/NoSuchMethodError'{0x000000070443f838}: 'java.lang.Object java.lang.invoke.DirectMethodHandle$Holder.newInvokeSpecial(java.lang.Object, java.lang.Object, int)'> (0x000000070443f838) 
thrown [s\open\src\hotspot\share\interpreter\linkResolver.cpp, line 773]
Event: 2.526 Thread 0x0000019d2e53a8e0 Exception <a 'java/lang/NoSuchMethodError'{0x000000070445dda8}: 'java.lang.Object java.lang.invoke.Invokers$Holder.invoke_MT(java.lang.Object, java.lang.Object, java.lang.Object, java.lang.Object, java.lang.Object, java.lang.Object, java.lang.Object, java.lang.Object, java.lang.Object)'> (0x000000070445dda8) 
thrown [s\open\src\hotspot\share\interpreter\linkResolver.cpp, line 773]
Event: 2.527 Thread 0x0000019d2e53a8e0 Exception <a 'java/lang/IncompatibleClassChangeError'{0x0000000704484fc0}: Found class java.lang.Object, but interface was expected> (0x0000000704484fc0) 
thrown [s\open\src\hotspot\share\interpreter\linkResolver.cpp, line 840]
Event: 2.577 Thread 0x0000019d2e53a8e0 Exception <a 'java/lang/NoSuchMethodError'{0x0000000704088e90}: 'java.lang.Object java.lang.invoke.DirectMethodHandle$Holder.newInvokeSpecial(java.lang.Object, java.lang.Object, java.lang.Object, java.lang.Object, java.lang.Object, java.lang.Object, java.lang.Object, java.lang.Object)'> (0x0000000704088e90) 
thrown [s\open\src\hotspot\share\interpreter\linkResolver.cpp, line 773]
Event: 2.664 Thread 0x0000019d2e53a8e0 Exception <a 'java/lang/IncompatibleClassChangeError'{0x00000007036fc168}: Found class java.lang.Object, but interface was expected> (0x00000007036fc168) 
thrown [s\open\src\hotspot\share\interpreter\linkResolver.cpp, line 840]
Event: 2.684 Thread 0x0000019d2e53a8e0 Exception <a 'java/lang/NoSuchMethodError'{0x00000007112a8df8}: 'void java.lang.invoke.DirectMethodHandle$Holder.invokeVirtual(java.lang.Object, java.lang.Object, long)'> (0x00000007112a8df8) 
thrown [s\open\src\hotspot\share\interpreter\linkResolver.cpp, line 773]
Event: 2.713 Thread 0x0000019d2e53a8e0 Exception <a 'java/lang/NoSuchMethodError'{0x0000000704a15ee8}: 'int java.lang.invoke.DirectMethodHandle$Holder.invokeStaticInit(java.lang.Object, java.lang.Object, java.lang.Object, java.lang.Object)'> (0x0000000704a15ee8) 
thrown [s\open\src\hotspot\share\interpreter\linkResolver.cpp, line 773]
Event: 2.732 Thread 0x0000019d2e53a8e0 Exception <a 'java/lang/IncompatibleClassChangeError'{0x000000070480d3d0}: Found class java.lang.Object, but interface was expected> (0x000000070480d3d0) 
thrown [s\open\src\hotspot\share\interpreter\linkResolver.cpp, line 840]
Event: 2.767 Thread 0x0000019d2e53a8e0 Exception <a 'java/lang/NoSuchMethodError'{0x00000007044701e0}: 'java.lang.Object java.lang.invoke.DirectMethodHandle$Holder.newInvokeSpecial(java.lang.Object, java.lang.Object, int, java.lang.Object, java.lang.Object)'> (0x00000007044701e0) 
thrown [s\open\src\hotspot\share\interpreter\linkResolver.cpp, line 773]
Event: 2.767 Thread 0x0000019d2e53a8e0 Exception <a 'java/lang/NoSuchMethodError'{0x000000070447b090}: 'java.lang.Object java.lang.invoke.DirectMethodHandle$Holder.invokeSpecial(java.lang.Object, java.lang.Object, int, java.lang.Object, int, java.lang.Object)'> (0x000000070447b090) 
thrown [s\open\src\hotspot\share\interpreter\linkResolver.cpp, line 773]
Event: 2.767 Thread 0x0000019d2e53a8e0 Exception <a 'java/lang/NoSuchMethodError'{0x0000000704482260}: 'java.lang.Object java.lang.invoke.DirectMethodHandle$Holder.newInvokeSpecial(java.lang.Object, java.lang.Object, int, java.lang.Object, int)'> (0x0000000704482260) 
thrown [s\open\src\hotspot\share\interpreter\linkResolver.cpp, line 773]
Event: 2.768 Thread 0x0000019d2e53a8e0 Exception <a 'java/lang/NoSuchMethodError'{0x00000007044860d0}: 'java.lang.Object java.lang.invoke.DirectMethodHandle$Holder.invokeSpecial(java.lang.Object, java.lang.Object, java.lang.Object, int, java.lang.Object, int)'> (0x00000007044860d0) 
thrown [s\open\src\hotspot\share\interpreter\linkResolver.cpp, line 773]
Event: 3.104 Thread 0x0000019d8ad4b0f0 Exception <a 'java/lang/NoSuchMethodError'{0x00000007042fb410}: 'java.lang.Object java.lang.invoke.DirectMethodHandle$Holder.invokeInterface(java.lang.Object, java.lang.Object, java.lang.Object, java.lang.Object, java.lang.Object, java.lang.Object, java.lang.Object)'> (0x00000007042fb410) 
thrown [s\open\src\hotspot\share\interpreter\linkResolver.cpp, line 773]
Event: 6.918 Thread 0x0000019d8b271590 Exception <a 'java/lang/NoSuchMethodError'{0x00000007040de3d0}: 'java.lang.Object java.lang.invoke.DirectMethodHandle$Holder.invokeSpecial(java.lang.Object, java.lang.Object, java.lang.Object, java.lang.Object, java.lang.Object, long)'> (0x00000007040de3d0) 
thrown [s\open\src\hotspot\share\interpreter\linkResolver.cpp, line 773]
Event: 6.918 Thread 0x0000019d8b271590 Exception <a 'java/lang/NoSuchMethodError'{0x00000007040e1b90}: 'java.lang.Object java.lang.invoke.Invokers$Holder.linkToTargetMethod(java.lang.Object, java.lang.Object, java.lang.Object, long, java.lang.Object)'> (0x00000007040e1b90) 
thrown [s\open\src\hotspot\share\interpreter\linkResolver.cpp, line 773]
Event: 6.958 Thread 0x0000019d8b271590 Exception <a 'java/lang/NoSuchMethodError'{0x0000000703ffad28}: 'java.lang.Object java.lang.invoke.DirectMethodHandle$Holder.invokeVirtual(java.lang.Object, java.lang.Object, int)'> (0x0000000703ffad28) 
thrown [s\open\src\hotspot\share\interpreter\linkResolver.cpp, line 773]
Event: 6.969 Thread 0x0000019d8b271590 Exception <a 'java/lang/NoSuchMethodError'{0x0000000703ca6960}: 'java.lang.Object java.lang.invoke.DirectMethodHandle$Holder.invokeInterface(java.lang.Object, java.lang.Object, java.lang.Object, java.lang.Object)'> (0x0000000703ca6960) 
thrown [s\open\src\hotspot\share\interpreter\linkResolver.cpp, line 773]
Event: 6.974 Thread 0x0000019d8b271590 Exception <a 'java/lang/NoSuchMethodError'{0x0000000703d0a9e0}: 'void java.lang.invoke.DirectMethodHandle$Holder.invokeSpecialIFC(java.lang.Object, java.lang.Object, int, java.lang.Object, java.lang.Object, java.lang.Object, java.lang.Object)'> (0x0000000703d0a9e0) 
thrown [s\open\src\hotspot\share\interpreter\linkResolver.cpp, line 773]
Event: 6.995 Thread 0x0000019d8b271590 Exception <a 'java/lang/NoSuchMethodError'{0x0000000703ab14d8}: 'void java.lang.invoke.Invokers$Holder.invokeExact_MT(java.lang.Object, java.lang.Object, int, java.lang.Object)'> (0x0000000703ab14d8) 
thrown [s\open\src\hotspot\share\interpreter\linkResolver.cpp, line 773]

ZGC Phase Switch (0 events):
No events

VM Operations (20 events):
Event: 538.522 Executing VM operation: Cleanup done
Event: 542.534 Executing VM operation: Cleanup
Event: 542.534 Executing VM operation: Cleanup done
Event: 552.549 Executing VM operation: Cleanup
Event: 552.549 Executing VM operation: Cleanup done
Event: 630.908 Executing VM operation: Cleanup
Event: 630.908 Executing VM operation: Cleanup done
Event: 652.996 Executing VM operation: Cleanup
Event: 652.996 Executing VM operation: Cleanup done
Event: 694.076 Executing VM operation: Cleanup
Event: 694.076 Executing VM operation: Cleanup done
Event: 719.172 Executing VM operation: Cleanup
Event: 719.172 Executing VM operation: Cleanup done
Event: 842.679 Executing VM operation: Cleanup
Event: 842.679 Executing VM operation: Cleanup done
Event: 1128.103 Executing VM operation: Cleanup
Event: 1128.103 Executing VM operation: Cleanup done
Event: 1764.298 Executing VM operation: Cleanup
Event: 1764.298 Executing VM operation: Cleanup done
Event: 1777.270 Executing VM operation: G1CollectForAllocation (G1 Evacuation Pause)

Events (20 events):
Event: 3.106 Thread 0x0000019d8c0c32d0 Thread added: 0x0000019d8c0c32d0
Event: 3.109 Thread 0x0000019d8c0c32d0 Thread exited: 0x0000019d8c0c32d0
Event: 6.901 Thread 0x0000019d8a7281f0 Thread exited: 0x0000019d8a7281f0
Event: 6.907 Thread 0x0000019d8a727b40 Thread exited: 0x0000019d8a727b40
Event: 7.079 Thread 0x0000019d8b26fb50 Thread exited: 0x0000019d8b26fb50
Event: 12.041 Thread 0x0000019d8a726480 Thread exited: 0x0000019d8a726480
Event: 12.041 Thread 0x0000019d443c41d0 Thread exited: 0x0000019d443c41d0
Event: 12.041 Thread 0x0000019d443c74f0 Thread exited: 0x0000019d443c74f0
Event: 17.046 Thread 0x0000019d443c3b20 Thread exited: 0x0000019d443c3b20
Event: 91.079 Thread 0x0000019d8ad4b0f0 Thread exited: 0x0000019d8ad4b0f0
Event: 270.023 Thread 0x0000019d8c0c32d0 Thread added: 0x0000019d8c0c32d0
Event: 345.038 Thread 0x0000019d8c0c32d0 Thread exited: 0x0000019d8c0c32d0
Event: 551.929 Thread 0x0000019d443c74f0 Thread added: 0x0000019d443c74f0
Event: 556.937 Thread 0x0000019d443c74f0 Thread exited: 0x0000019d443c74f0
Event: 630.223 Thread 0x0000019d443c74f0 Thread added: 0x0000019d443c74f0
Event: 630.224 Thread 0x0000019d8a726480 Thread added: 0x0000019d8a726480
Event: 631.971 Thread 0x0000019d8a726480 Thread exited: 0x0000019d8a726480
Event: 636.983 Thread 0x0000019d443c74f0 Thread exited: 0x0000019d443c74f0
Event: 1763.820 Thread 0x0000019d8c0c3ff0 Thread added: 0x0000019d8c0c3ff0
Event: 1763.820 Thread 0x0000019d8c0c25b0 Thread added: 0x0000019d8c0c25b0


Dynamic libraries:
0x00007ff77eff0000 - 0x00007ff77f000000 	C:\Program Files\Java\jdk-21\bin\java.exe
0x00007ffa86070000 - 0x00007ffa86287000 	C:\WINDOWS\SYSTEM32\ntdll.dll
0x00007ffa84980000 - 0x00007ffa84a44000 	C:\WINDOWS\System32\KERNEL32.DLL
0x00007ffa836b0000 - 0x00007ffa83a55000 	C:\WINDOWS\System32\KERNELBASE.dll
0x00007ffa833b0000 - 0x00007ffa834c1000 	C:\WINDOWS\System32\ucrtbase.dll
0x00007ffa595f0000 - 0x00007ffa59609000 	C:\Program Files\Java\jdk-21\bin\jli.dll
0x00007ffa54130000 - 0x00007ffa5414b000 	C:\Program Files\Java\jdk-21\bin\VCRUNTIME140.dll
0x00007ffa83db0000 - 0x00007ffa83e61000 	C:\WINDOWS\System32\ADVAPI32.dll
0x00007ffa85e00000 - 0x00007ffa85ea7000 	C:\WINDOWS\System32\msvcrt.dll
0x00007ffa83e90000 - 0x00007ffa83f36000 	C:\WINDOWS\System32\sechost.dll
0x00007ffa85730000 - 0x00007ffa85847000 	C:\WINDOWS\System32\RPCRT4.dll
0x00007ffa85500000 - 0x00007ffa856ae000 	C:\WINDOWS\System32\USER32.dll
0x00007ffa63ce0000 - 0x00007ffa63f73000 	C:\WINDOWS\WinSxS\amd64_microsoft.windows.common-controls_6595b64144ccf1df_6.0.22621.2506_none_270c5ae97388e100\COMCTL32.dll
0x00007ffa83a60000 - 0x00007ffa83a86000 	C:\WINDOWS\System32\win32u.dll
0x00007ffa85850000 - 0x00007ffa85879000 	C:\WINDOWS\System32\GDI32.dll
0x00007ffa83c70000 - 0x00007ffa83d89000 	C:\WINDOWS\System32\gdi32full.dll
0x00007ffa834d0000 - 0x00007ffa8356a000 	C:\WINDOWS\System32\msvcp_win.dll
0x00007ffa79a00000 - 0x00007ffa79a0a000 	C:\WINDOWS\SYSTEM32\VERSION.dll
0x00007ffa84630000 - 0x00007ffa84661000 	C:\WINDOWS\System32\IMM32.DLL
0x00007ffa72540000 - 0x00007ffa7254c000 	C:\Program Files\Java\jdk-21\bin\vcruntime140_1.dll
0x00007ffa3e4f0000 - 0x00007ffa3e57e000 	C:\Program Files\Java\jdk-21\bin\msvcp140.dll
0x00007ff9f4470000 - 0x00007ff9f5185000 	C:\Program Files\Java\jdk-21\bin\server\jvm.dll
0x00007ffa856b0000 - 0x00007ffa85721000 	C:\WINDOWS\System32\WS2_32.dll
0x00007ffa830d0000 - 0x00007ffa8311d000 	C:\WINDOWS\SYSTEM32\POWRPROF.dll
0x00007ffa7bf70000 - 0x00007ffa7bfa4000 	C:\WINDOWS\SYSTEM32\WINMM.dll
0x00007ffa830b0000 - 0x00007ffa830c3000 	C:\WINDOWS\SYSTEM32\UMPDC.dll
0x00007ffa82310000 - 0x00007ffa82328000 	C:\WINDOWS\SYSTEM32\kernel.appcore.dll
0x00007ffa724e0000 - 0x00007ffa724ea000 	C:\Program Files\Java\jdk-21\bin\jimage.dll
0x00007ffa80d80000 - 0x00007ffa80fb3000 	C:\WINDOWS\SYSTEM32\DBGHELP.DLL
0x00007ffa83f40000 - 0x00007ffa842c9000 	C:\WINDOWS\System32\combase.dll
0x00007ffa853c0000 - 0x00007ffa85497000 	C:\WINDOWS\System32\OLEAUT32.dll
0x00007ffa79290000 - 0x00007ffa792c2000 	C:\WINDOWS\SYSTEM32\dbgcore.DLL
0x00007ffa83570000 - 0x00007ffa835ea000 	C:\WINDOWS\System32\bcryptPrimitives.dll
0x00007ffa7cfa0000 - 0x00007ffa7cfaf000 	C:\Program Files\Java\jdk-21\bin\instrument.dll
0x00007ffa50830000 - 0x00007ffa5084f000 	C:\Program Files\Java\jdk-21\bin\java.dll
0x00007ffa84a50000 - 0x00007ffa852a9000 	C:\WINDOWS\System32\SHELL32.dll
0x00007ffa81280000 - 0x00007ffa81b74000 	C:\WINDOWS\SYSTEM32\windows.storage.dll
0x00007ffa81140000 - 0x00007ffa8127e000 	C:\WINDOWS\SYSTEM32\wintypes.dll
0x00007ffa852b0000 - 0x00007ffa853a3000 	C:\WINDOWS\System32\SHCORE.dll
0x00007ffa84820000 - 0x00007ffa8487e000 	C:\WINDOWS\System32\shlwapi.dll
0x00007ffa832e0000 - 0x00007ffa83306000 	C:\WINDOWS\SYSTEM32\profapi.dll
0x00007ffa47a90000 - 0x00007ffa47aa8000 	C:\Program Files\Java\jdk-21\bin\zip.dll
0x00007ffa72400000 - 0x00007ffa72410000 	C:\Program Files\Java\jdk-21\bin\net.dll
0x00007ffa7c6f0000 - 0x00007ffa7c827000 	C:\WINDOWS\SYSTEM32\WINHTTP.dll
0x00007ffa827e0000 - 0x00007ffa82849000 	C:\WINDOWS\system32\mswsock.dll
0x00007ffa4fd20000 - 0x00007ffa4fd36000 	C:\Program Files\Java\jdk-21\bin\nio.dll
0x00007ffa7cf80000 - 0x00007ffa7cf9a000 	D:\IntelliJ IDEA 2023.2.3\bin\breakgen64.dll
0x00007ffa72310000 - 0x00007ffa72317000 	C:\Program Files\Java\jdk-21\bin\extnet.dll
0x00007ffa81ea0000 - 0x00007ffa81f99000 	C:\WINDOWS\SYSTEM32\DNSAPI.dll
0x00007ffa81e20000 - 0x00007ffa81e4d000 	C:\WINDOWS\SYSTEM32\IPHLPAPI.DLL
0x00007ffa846d0000 - 0x00007ffa846d9000 	C:\WINDOWS\System32\NSI.dll
0x00007ffa7d3f0000 - 0x00007ffa7d3fa000 	C:\Windows\System32\rasadhlp.dll
0x00007ffa7af10000 - 0x00007ffa7af93000 	C:\WINDOWS\System32\fwpuclnt.dll
0x00007ffa7cc90000 - 0x00007ffa7cc9a000 	C:\Program Files\Java\jdk-21\bin\management.dll
0x00007ffa71400000 - 0x00007ffa7140b000 	C:\Program Files\Java\jdk-21\bin\management_ext.dll
0x00007ffa854f0000 - 0x00007ffa854f8000 	C:\WINDOWS\System32\PSAPI.DLL
0x00007ffa82b30000 - 0x00007ffa82b4b000 	C:\WINDOWS\SYSTEM32\CRYPTSP.dll
0x00007ffa822d0000 - 0x00007ffa82305000 	C:\WINDOWS\system32\rsaenh.dll
0x00007ffa82880000 - 0x00007ffa828ac000 	C:\WINDOWS\SYSTEM32\USERENV.dll
0x00007ffa82c50000 - 0x00007ffa82c78000 	C:\WINDOWS\SYSTEM32\bcrypt.dll
0x00007ffa82b10000 - 0x00007ffa82b1c000 	C:\WINDOWS\SYSTEM32\CRYPTBASE.dll
0x00007ffa63530000 - 0x00007ffa63547000 	C:\WINDOWS\system32\napinsp.dll
0x00007ffa63510000 - 0x00007ffa6352b000 	C:\WINDOWS\system32\pnrpnsp.dll
0x00007ffa62db0000 - 0x00007ffa62dc1000 	C:\WINDOWS\System32\winrnr.dll
0x00007ffa7c200000 - 0x00007ffa7c215000 	C:\WINDOWS\system32\wshbth.dll
0x00007ffa634e0000 - 0x00007ffa63501000 	C:\WINDOWS\system32\nlansp_c.dll
0x00007ffa63590000 - 0x00007ffa6359e000 	C:\Program Files\Java\jdk-21\bin\sunmscapi.dll
0x00007ffa83b00000 - 0x00007ffa83c66000 	C:\WINDOWS\System32\CRYPT32.dll
0x00007ffa82c20000 - 0x00007ffa82c4d000 	C:\WINDOWS\SYSTEM32\ncrypt.dll
0x00007ffa82be0000 - 0x00007ffa82c17000 	C:\WINDOWS\SYSTEM32\NTASN1.dll
0x00007ffa646a0000 - 0x00007ffa646b0000 	C:\Program Files\Java\jdk-21\bin\verify.dll
0x00007ffa7cef0000 - 0x00007ffa7cef8000 	C:\WINDOWS\system32\wshunix.dll

dbghelp: loaded successfully - version: 4.0.5 - missing functions: none
symbol engine: initialized successfully - sym options: 0x614 - pdb path: .;C:\Program Files\Java\jdk-21\bin;C:\WINDOWS\SYSTEM32;C:\WINDOWS\WinSxS\amd64_microsoft.windows.common-controls_6595b64144ccf1df_6.0.22621.2506_none_270c5ae97388e100;C:\Program Files\Java\jdk-21\bin\server;D:\IntelliJ IDEA 2023.2.3\bin

VM Arguments:
jvm_args: -XX:TieredStopAtLevel=1 -Dspring.output.ansi.enabled=always -Dcom.sun.management.jmxremote -Dspring.jmx.enabled=true -Dspring.liveBeansView.mbeanDomain -Dspring.application.admin.enabled=true -Dmanagement.endpoints.jmx.exposure.include=* -javaagent:D:\IntelliJ IDEA 2023.2.3\lib\idea_rt.jar=54688:D:\IntelliJ IDEA 2023.2.3\bin -Dfile.encoding=UTF-8 -Dsun.stdout.encoding=UTF-8 -Dsun.stderr.encoding=UTF-8 
java_command: br.com.wheels.WheelsApplication
java_class_path (initial): C:\Users\RODRIGO\Desktop\wheels_fullstack\wheelsbackend\target\classes;C:\Users\RODRIGO\.m2\repository\org\springframework\boot\spring-boot-starter-data-jpa\3.2.0-SNAPSHOT\spring-boot-starter-data-jpa-3.2.0-20231116.211123-535.jar;C:\Users\RODRIGO\.m2\repository\org\springframework\boot\spring-boot-starter-aop\3.2.0-SNAPSHOT\spring-boot-starter-aop-3.2.0-20231116.211123-535.jar;C:\Users\RODRIGO\.m2\repository\org\springframework\spring-aop\6.1.0\spring-aop-6.1.0.jar;C:\Users\RODRIGO\.m2\repository\org\aspectj\aspectjweaver\1.9.20.1\aspectjweaver-1.9.20.1.jar;C:\Users\RODRIGO\.m2\repository\org\springframework\boot\spring-boot-starter-jdbc\3.2.0-SNAPSHOT\spring-boot-starter-jdbc-3.2.0-20231116.211123-535.jar;C:\Users\RODRIGO\.m2\repository\com\zaxxer\HikariCP\5.0.1\HikariCP-5.0.1.jar;C:\Users\RODRIGO\.m2\repository\org\springframework\spring-jdbc\6.1.0\spring-jdbc-6.1.0.jar;C:\Users\RODRIGO\.m2\repository\org\hibernate\orm\hibernate-core\6.3.1.Final\hibernate-core-6.3.1.Final.jar;C:\Users\RODRIGO\.m2\repository\jakarta\persistence\jakarta.persistence-api\3.1.0\jakarta.persistence-api-3.1.0.jar;C:\Users\RODRIGO\.m2\repository\jakarta\transaction\jakarta.transaction-api\2.0.1\jakarta.transaction-api-2.0.1.jar;C:\Users\RODRIGO\.m2\repository\org\jboss\logging\jboss-logging\3.5.3.Final\jboss-logging-3.5.3.Final.jar;C:\Users\RODRIGO\.m2\repository\org\hibernate\common\hibernate-commons-annotations\6.0.6.Final\hibernate-commons-annotations-6.0.6.Final.jar;C:\Users\RODRIGO\.m2\repository\io\smallrye\jandex\3.1.2\jandex-3.1.2.jar;C:\Users\RODRIGO\.m2\repository\com\fasterxml\classmate\1.6.0\classmate-1.6.0.jar;C:\Users\RODRIGO\.m2\repository\net\bytebuddy\byte-buddy\1.14.9\byte-buddy-1.14.9.jar;C:\Users\RODRIGO\.m2\repository\org\glassfish\jaxb\jaxb-runtime\4.0.4\jaxb-runtime-4.0.4.jar;C:\Users\RODRIGO\.m2\repository\org\glassfish\jaxb\jaxb-core\4.0.4\jaxb-core-4.0.4.jar;C:\Users\RODRIGO\.m2\repository\org\eclipse\angus\angus-activation\2.0.1\angus-activation-2.0.1.jar;C:\Users\RODRIGO\.m2\repository\org\glassfish\jaxb\txw2\4.0.4\txw2-4.0.4.jar;C:\Users\RODRIGO\.m2\repository\com\sun\istack\istack-commons-runtime\4.1.2\istack-commons-runtime-4.1.2.jar;C:\Users\RODRIGO\.m2\repository\jakarta\inject\jakarta.inject-api\2.0.1\jakarta.inject-api-2.0.1.jar;C:\Users\RODRIGO\.m2\repository\org\antlr\antlr4-runtime\4.10.1\antlr4-runtime-4.10.1.jar;C:\Users\RODRIGO\.m2\repository\org\springframework\data\spring-data-jpa\3.2.0-SNAPSHOT\spring-data-jpa-3.2.0-20231116.192358-421.jar;C:\Users\RODRIGO\.m2\repository\org\springframework\data\spring-data-commons\3.2.0-SNAPSHOT\spring-data-commons-3.2.0-20231116.192118-329.jar;C:\Users\RODRIGO\.m2\repository\org\springframework\spring-orm\6.1.0\spring-orm-6.1.0.jar;C:\Users\RODRIGO\.m2\repository\org\springframework\spring-context\6.1.0\spring-context-6.1.0.jar;C:\Users\RODRIGO\.m2\repository\org\springframework\spring-tx\6.1.0\spring-tx-6.1.0.jar;C:\Users\RODRIGO\.m2\repository\org\springframework\spring-beans\6.1.0\spring-beans-6.1.0.jar;C:\Users\RODRIGO\.m2\repository\jakarta\annotation\jakarta.annotation-api\2.1.1\jakarta.annotation-api-2.1.1.jar;C:\Users\RODRIGO\.m2\repository\org\slf4j\slf4j-api\2.0.9\slf4j-api-2.0.9.jar;C:\Users\RODRIGO\.m2\repository\org\springframework\spring-aspects\6.1.0\spring-aspects-6.1.0.jar;C:\Users\RODRIGO\.m2\repository\org\springframework\boot\spring-boot-starter-web\3.2.0-SNAPSHOT\spring-boot-starter-web-3.2.0-20231116.211123-535.jar;C:\Users\RODRIGO\.m2\repository\org\springframework\boot\spring-boot-starter\3.2.0-SNAPSHOT\spring-boot-starter-3.2.0-20231116.211123-535.jar;C:\Users\RODRIGO\.m2\repository\org\springframework\boot\spring-boot\3.2.0-SNAPSHOT\spring-boot-3.2.0-20231116.211123-535.jar;C:\Users\RODRIGO\.m2\repository\org\springframework\boot\spring-boot-autoconfigure\3.2.0-SNAPSHOT\spring-boot-autoconfigure-3.2.0-20231116.211123-536.jar;C:\Users\RODRIGO\.m2\repository\org\springframework\boot\spring-boot-starter-logging\3.2.0-SNAPSHOT\spring-boot-starter-logging-3.2.0-20231116.211123-535.jar;C:\Users\RODRIGO\.m2\repository\ch\qos\logback\logback-classic\1.4.11\logback-classic-1.4.11.jar;C:\Users\RODRIGO\.m2\repository\ch\qos\logback\logback-core\1.4.11\logback-core-1.4.11.jar;C:\Users\RODRIGO\.m2\repository\org\apache\logging\log4j\log4j-to-slf4j\2.21.1\log4j-to-slf4j-2.21.1.jar;C:\Users\RODRIGO\.m2\repository\org\apache\logging\log4j\log4j-api\2.21.1\log4j-api-2.21.1.jar;C:\Users\RODRIGO\.m2\repository\org\slf4j\jul-to-slf4j\2.0.9\jul-to-slf4j-2.0.9.jar;C:\Users\RODRIGO\.m2\repository\org\yaml\snakeyaml\2.2\snakeyaml-2.2.jar;C:\Users\RODRIGO\.m2\repository\org\springframework\boot\spring-boot-starter-json\3.2.0-SNAPSHOT\spring-boot-starter-json-3.2.0-20231116.211123-535.jar;C:\Users\RODRIGO\.m2\repository\com\fasterxml\jackson\core\jackson-databind\2.15.3\jackson-databind-2.15.3.jar;C:\Users\RODRIGO\.m2\repository\com\fasterxml\jackson\core\jackson-annotations\2.15.3\jackson-annotations-2.15.3.jar;C:\Users\RODRIGO\.m2\repository\com\fasterxml\jackson\core\jackson-core\2.15.3\jackson-core-2.15.3.jar;C:\Users\RODRIGO\.m2\repository\com\fasterxml\jackson\datatype\jackson-datatype-jdk8\2.15.3\jackson-datatype-jdk8-2.15.3.jar;C:\Users\RODRIGO\.m2\repository\com\fasterxml\jackson\datatype\jackson-datatype-jsr310\2.15.3\jackson-datatype-jsr310-2.15.3.jar;C:\Users\RODRIGO\.m2\repository\com\fasterxml\jackson\module\jackson-module-parameter-names\2.15.3\jackson-module-parameter-names-2.15.3.jar;C:\Users\RODRIGO\.m2\repository\org\springframework\boot\spring-boot-starter-tomcat\3.2.0-SNAPSHOT\spring-boot-starter-tomcat-3.2.0-20231116.211123-535.jar;C:\Users\RODRIGO\.m2\repository\org\apache\tomcat\embed\tomcat-embed-core\10.1.15\tomcat-embed-core-10.1.15.jar;C:\Users\RODRIGO\.m2\repository\org\apache\tomcat\embed\tomcat-embed-el\10.1.15\tomcat-embed-el-10.1.15.jar;C:\Users\RODRIGO\.m2\repository\org\apache\tomcat\embed\tomcat-embed-websocket\10.1.15\tomcat-embed-websocket-10.1.15.jar;C:\Users\RODRIGO\.m2\repository\org\springframework\spring-web\6.1.0\spring-web-6.1.0.jar;C:\Users\RODRIGO\.m2\repository\io\micrometer\micrometer-observation\1.12.0\micrometer-observation-1.12.0.jar;C:\Users\RODRIGO\.m2\repository\io\micrometer\micrometer-commons\1.12.0\micrometer-commons-1.12.0.jar;C:\Users\RODRIGO\.m2\repository\org\springframework\spring-webmvc\6.1.0\spring-webmvc-6.1.0.jar;C:\Users\RODRIGO\.m2\repository\org\springframework\spring-expression\6.1.0\spring-expression-6.1.0.jar;C:\Users\RODRIGO\.m2\repository\com\mysql\mysql-connector-j\8.1.0\mysql-connector-j-8.1.0.jar;C:\Users\RODRIGO\.m2\repository\jakarta\xml\bind\jakarta.xml.bind-api\4.0.1\jakarta.xml.bind-api-4.0.1.jar;C:\Users\RODRIGO\.m2\repository\jakarta\activation\jakarta.activation-api\2.1.2\jakarta.activation-api-2.1.2.jar;C:\Users\RODRIGO\.m2\repository\org\springframework\spring-core\6.1.0\spring-core-6.1.0.jar;C:\Users\RODRIGO\.m2\repository\org\springframework\spring-jcl\6.1.0\spring-jcl-6.1.0.jar;C:\Users\RODRIGO\.m2\repository\org\projectlombok\lombok\1.18.30\lombok-1.18.30.jar
Launcher Type: SUN_STANDARD

[Global flags]
     intx CICompilerCount                          = 12                                        {product} {ergonomic}
     uint ConcGCThreads                            = 3                                         {product} {ergonomic}
     uint G1ConcRefinementThreads                  = 13                                        {product} {ergonomic}
   size_t G1HeapRegionSize                         = 2097152                                   {product} {ergonomic}
    uintx GCDrainStackTargetSize                   = 64                                        {product} {ergonomic}
   size_t InitialHeapSize                          = 268435456                                 {product} {ergonomic}
     bool ManagementServer                         = true                                      {product} {command line}
   size_t MarkStackSize                            = 4194304                                   {product} {ergonomic}
   size_t MaxHeapSize                              = 4273995776                                {product} {ergonomic}
   size_t MaxNewSize                               = 2562719744                                {product} {ergonomic}
   size_t MinHeapDeltaBytes                        = 2097152                                   {product} {ergonomic}
   size_t MinHeapSize                              = 8388608                                   {product} {ergonomic}
    uintx NonNMethodCodeHeapSize                   = 4096                                   {pd product} {ergonomic}
    uintx NonProfiledCodeHeapSize                  = 0                                      {pd product} {ergonomic}
     bool ProfileInterpreter                       = false                                  {pd product} {command line}
    uintx ProfiledCodeHeapSize                     = 0                                      {pd product} {ergonomic}
   size_t SoftMaxHeapSize                          = 4273995776                             {manageable} {ergonomic}
     intx TieredStopAtLevel                        = 1                                         {product} {command line}
     bool UseCompressedOops                        = true                           {product lp64_product} {ergonomic}
     bool UseG1GC                                  = true                                      {product} {ergonomic}
     bool UseLargePagesIndividualAllocation        = false                                  {pd product} {ergonomic}

Logging:
Log output configuration:
 #0: stdout all=warning uptime,level,tags foldmultilines=false
 #1: stderr all=off uptime,level,tags foldmultilines=false

Environment Variables:
PATH=D:\VMware\VMware Player\bin\;C:\Program Files\Common Files\Oracle\Java\javapath;C:\Program Files (x86)\Intel\Intel(R) Management Engine Components\iCLS\;C:\Program Files\Intel\Intel(R) Management Engine Components\iCLS\;C:\Windows\system32;C:\Windows;C:\Windows\System32\Wbem;C:\Windows\System32\WindowsPowerShell\v1.0\;C:\Windows\System32\OpenSSH\;C:\Program Files (x86)\NVIDIA Corporation\PhysX\Common;C:\Program Files\NVIDIA Corporation\NVIDIA NvDLISR;C:\WINDOWS\system32;C:\WINDOWS;C:\WINDOWS\System32\Wbem;C:\WINDOWS\System32\WindowsPowerShell\v1.0\;C:\WINDOWS\System32\OpenSSH\;C:\Program Files\dotnet\;C:\Program Files\Microsoft SQL Server\150\Tools\Binn\;C:\Program Files\Microsoft SQL Server\Client SDK\ODBC\170\Tools\Binn\;C:\Program Files\Git\cmd;C:\Program Files\nodejs\;C:\Program Files (x86)\Microsoft SQL Server\160\Tools\Binn\;C:\Program Files\Microsoft SQL Server\160\Tools\Binn\;C:\Program Files\Microsoft SQL Server\160\DTS\Binn\;C:\Program Files (x86)\Microsoft SQL Server\160\DTS\Binn\;C:\Program Files\Azure Data Studio\bin;C:\Program Files\Docker\Docker\resources\bin;C:\Users\RODRIGO\AppData\Local\Microsoft\WindowsApps;;C:\Users\RODRIGO\AppData\Local\Programs\Microsoft VS Code\bin;C:\Users\RODRIGO\.dotnet\tools;D:\IntelliJ IDEA 2023.2.3\bin;;D:\JetBrains Rider 2023.2.2\bin;;C:\Users\RODRIGO\AppData\Roaming\npm;D:\WebStorm 2023.2.5\bin;;C:\Program Files\Azure Data Studio\bin
USERNAME=RODRIGO
OS=Windows_NT
PROCESSOR_IDENTIFIER=Intel64 Family 6 Model 158 Stepping 13, GenuineIntel
TMP=C:\Users\RODRIGO\AppData\Local\Temp
TEMP=C:\Users\RODRIGO\AppData\Local\Temp




Periodic native trim disabled

---------------  S Y S T E M  ---------------

OS:
 Windows 11 , 64 bit Build 22621 (10.0.22621.2506)
OS uptime: 0 days 7:49 hours
Hyper-V role detected

CPU: total 16 (initial active 16) (8 cores per cpu, 2 threads per core) family 6 model 158 stepping 13 microcode 0xde, cx8, cmov, fxsr, ht, mmx, 3dnowpref, sse, sse2, sse3, ssse3, sse4.1, sse4.2, popcnt, lzcnt, tsc, tscinvbit, avx, avx2, aes, erms, clmul, bmi1, bmi2, adx, fma, vzeroupper, clflush, clflushopt, hv, rdtscp, f16c
Processor Information for all 16 processors :
  Max Mhz: 3600, Current Mhz: 3600, Mhz Limit: 3600

Memory: 4k page, system-wide physical 16303M (3914M free)
TotalPageFile size 18351M (AvailPageFile size 91M)
current process WorkingSet (physical memory assigned to process): 206M, peak: 206M
current process commit charge ("private bytes"): 258M, peak: 378M

vm_info: Java HotSpot(TM) 64-Bit Server VM (21.0.1+12-LTS-29) for windows-amd64 JRE (21.0.1+12-LTS-29), built on 2023-10-05T13:27:09Z by "mach5one" with MS VC++ 17.1 (VS2022)

END.
